Determining if the pthread_create exist failed with the following output:
Change Dir: /home/bill/playground/myslam/build/CMakeFiles/CMakeTmp

Run Build Command:"/usr/bin/make" "cmTC_155c1/fast"
/usr/bin/make -f CMakeFiles/cmTC_155c1.dir/build.make CMakeFiles/cmTC_155c1.dir/build
make[1]: Entering directory '/home/bill/playground/myslam/build/CMakeFiles/CMakeTmp'
Building C object CMakeFiles/cmTC_155c1.dir/CheckSymbolExists.c.o
/usr/bin/cc    -fPIC    -o CMakeFiles/cmTC_155c1.dir/CheckSymbolExists.c.o   -c /home/bill/playground/myslam/build/CMakeFiles/CMakeTmp/CheckSymbolExists.c
Linking C executable cmTC_155c1
/usr/bin/cmake -E cmake_link_script CMakeFiles/cmTC_155c1.dir/link.txt --verbose=1
/usr/bin/cc  -fPIC     CMakeFiles/cmTC_155c1.dir/CheckSymbolExists.c.o  -o cmTC_155c1 -rdynamic 
CMakeFiles/cmTC_155c1.dir/CheckSymbolExists.c.o: In function `main':
CheckSymbolExists.c:(.text+0x1b): undefined reference to `pthread_create'
collect2: error: ld returned 1 exit status
CMakeFiles/cmTC_155c1.dir/build.make:97: recipe for target 'cmTC_155c1' failed
make[1]: *** [cmTC_155c1] Error 1
make[1]: Leaving directory '/home/bill/playground/myslam/build/CMakeFiles/CMakeTmp'
Makefile:126: recipe for target 'cmTC_155c1/fast' failed
make: *** [cmTC_155c1/fast] Error 2

File /home/bill/playground/myslam/build/CMakeFiles/CMakeTmp/CheckSymbolExists.c:
/* */
#include <pthread.h>

int main(int argc, char** argv)
{
  (void)argv;
#ifndef pthread_create
  return ((int*)(&pthread_create))[argc];
#else
  (void)argc;
  return 0;
#endif
}

Determining if the function pthread_create exists in the pthreads failed with the following output:
Change Dir: /home/bill/playground/myslam/build/CMakeFiles/CMakeTmp

Run Build Command:"/usr/bin/make" "cmTC_4a57a/fast"
/usr/bin/make -f CMakeFiles/cmTC_4a57a.dir/build.make CMakeFiles/cmTC_4a57a.dir/build
make[1]: Entering directory '/home/bill/playground/myslam/build/CMakeFiles/CMakeTmp'
Building C object CMakeFiles/cmTC_4a57a.dir/CheckFunctionExists.c.o
/usr/bin/cc    -fPIC -DCHECK_FUNCTION_EXISTS=pthread_create   -o CMakeFiles/cmTC_4a57a.dir/CheckFunctionExists.c.o   -c /usr/share/cmake-3.5/Modules/CheckFunctionExists.c
Linking C executable cmTC_4a57a
/usr/bin/cmake -E cmake_link_script CMakeFiles/cmTC_4a57a.dir/link.txt --verbose=1
/usr/bin/cc  -fPIC -DCHECK_FUNCTION_EXISTS=pthread_create    CMakeFiles/cmTC_4a57a.dir/CheckFunctionExists.c.o  -o cmTC_4a57a -rdynamic -lpthreads 
/usr/bin/ld: cannot find -lpthreads
collect2: error: ld returned 1 exit status
CMakeFiles/cmTC_4a57a.dir/build.make:97: recipe for target 'cmTC_4a57a' failed
make[1]: *** [cmTC_4a57a] Error 1
make[1]: Leaving directory '/home/bill/playground/myslam/build/CMakeFiles/CMakeTmp'
Makefile:126: recipe for target 'cmTC_4a57a/fast' failed
make: *** [cmTC_4a57a/fast] Error 2


